  [4;36;1mSQL (0.2ms)[0m   [0;1m SELECT name
 FROM sqlite_master
 WHERE type = 'table' AND NOT name = 'sqlite_sequence'
[0m
  [4;35;1mSQL (0.1ms)[0m   [0mselect sqlite_version(*)[0m
  [4;36;1mSQL (5.4ms)[0m   [0;1mCREATE TABLE "schema_migrations" ("version" varchar(255) NOT NULL) [0m
  [4;35;1mSQL (0.1ms)[0m   [0mPRAGMA index_list("schema_migrations")[0m
  [4;36;1mSQL (1.2ms)[0m   [0;1mCREATE UNIQUE INDEX "unique_schema_migrations" ON "schema_migrations" ("version")[0m
  [4;35;1mSQL (0.2ms)[0m   [0m SELECT name
 FROM sqlite_master
 WHERE type = 'table' AND NOT name = 'sqlite_sequence'
[0m
  [4;36;1mSQL (0.1ms)[0m   [0;1mSELECT version FROM schema_migrations[0m
Migrating to CreateBigups (20100727013913)
  [4;35;1mSQL (2.1ms)[0m   [0mCREATE TABLE "bigups" ("id" INTEGER PRIMARY KEY AUTOINCREMENT NOT NULL, "name" varchar(255), "title" varchar(255), "content" text, "created_at" datetime, "updated_at" datetime) [0m
  [4;36;1mSQL (0.2ms)[0m   [0;1mINSERT INTO schema_migrations (version) VALUES ('20100727013913')[0m
  [4;35;1mSQL (0.3ms)[0m   [0m SELECT name
 FROM sqlite_master
 WHERE type = 'table' AND NOT name = 'sqlite_sequence'
[0m
  [4;36;1mSQL (0.1ms)[0m   [0;1mSELECT version FROM schema_migrations[0m
  [4;35;1mSQL (0.2ms)[0m   [0m SELECT name
 FROM sqlite_master
 WHERE type = 'table' AND NOT name = 'sqlite_sequence'
[0m
  [4;36;1mSQL (0.0ms)[0m   [0;1mPRAGMA index_list("bigups")[0m
  [4;36;1mSQL (0.4ms)[0m   [0;1m SELECT name
 FROM sqlite_master
 WHERE type = 'table' AND NOT name = 'sqlite_sequence'
[0m
  [4;35;1mSQL (0.1ms)[0m   [0mSELECT version FROM schema_migrations[0m
  [4;36;1mBigup Load (0.3ms)[0m   [0;1mSELECT * FROM "bigups" [0m
  [4;35;1mBigup Load (0.2ms)[0m   [0mSELECT * FROM "bigups" LIMIT 1[0m
  [4;36;1mBigup Create (0.4ms)[0m   [0;1mINSERT INTO "bigups" ("name", "created_at", "title", "updated_at", "content") VALUES('debbie', '2010-07-27 01:47:52', 'A first post', '2010-07-27 01:47:52', 'on bigchan ;^P')[0m
  [4;35;1mBigup Load (0.5ms)[0m   [0mSELECT * FROM "bigups" [0m
  [4;36;1mSQL (0.4ms)[0m   [0;1m SELECT name
 FROM sqlite_master
 WHERE type = 'table' AND NOT name = 'sqlite_sequence'
[0m
  [4;35;1mSQL (0.1ms)[0m   [0mSELECT version FROM schema_migrations[0m
Migrating to CreateBigups (20100727013913)
  [4;36;1mSQL (0.1ms)[0m   [0;1mselect sqlite_version(*)[0m
  [4;35;1mSQL (0.2ms)[0m   [0m SELECT name
 FROM sqlite_master
 WHERE type = 'table' AND NOT name = 'sqlite_sequence'
[0m
  [4;36;1mSQL (0.1ms)[0m   [0;1mSELECT version FROM schema_migrations[0m
  [4;35;1mSQL (0.1ms)[0m   [0m SELECT name
 FROM sqlite_master
 WHERE type = 'table' AND NOT name = 'sqlite_sequence'
[0m
  [4;36;1mSQL (0.0ms)[0m   [0;1mPRAGMA index_list("bigups")[0m
  [4;36;1mBigup Load (0.4ms)[0m   [0;1mSELECT * FROM "bigups" [0m
  [4;36;1mSQL (0.4ms)[0m   [0;1m SELECT name
 FROM sqlite_master
 WHERE type = 'table' AND NOT name = 'sqlite_sequence'
[0m
  [4;35;1mSQL (0.1ms)[0m   [0mSELECT version FROM schema_migrations[0m
  [4;36;1mSQL (0.2ms)[0m   [0;1mselect sqlite_version(*)[0m
  [4;35;1mSQL (0.2ms)[0m   [0m SELECT name
 FROM sqlite_master
 WHERE type = 'table' AND NOT name = 'sqlite_sequence'
[0m
  [4;36;1mSQL (1.7ms)[0m   [0;1mCREATE TABLE "bigups" ("id" INTEGER PRIMARY KEY AUTOINCREMENT NOT NULL, "name" varchar(255), "title" varchar(255), "content" text, "created_at" datetime, "updated_at" datetime) [0m
  [4;35;1mSQL (0.2ms)[0m   [0m SELECT name
 FROM sqlite_master
 WHERE type = 'table' AND NOT name = 'sqlite_sequence'
[0m
  [4;36;1mSQL (1.3ms)[0m   [0;1mCREATE TABLE "schema_migrations" ("version" varchar(255) NOT NULL) [0m
  [4;35;1mSQL (0.1ms)[0m   [0mPRAGMA index_list("schema_migrations")[0m
  [4;36;1mSQL (1.5ms)[0m   [0;1mCREATE UNIQUE INDEX "unique_schema_migrations" ON "schema_migrations" ("version")[0m
  [4;35;1mSQL (0.3ms)[0m   [0m SELECT name
 FROM sqlite_master
 WHERE type = 'table' AND NOT name = 'sqlite_sequence'
[0m
  [4;36;1mSQL (0.1ms)[0m   [0;1mSELECT version FROM "schema_migrations"[0m
  [4;35;1mSQL (1.2ms)[0m   [0mINSERT INTO "schema_migrations" (version) VALUES ('20100727013913')[0m
  [4;36;1mBigup Load (0.4ms)[0m   [0;1mSELECT * FROM "bigups" [0m
  [4;36;1mBigup Load (1.0ms)[0m   [0;1mSELECT * FROM "bigups" [0m


Processing BigupsController#index (for 127.0.0.1 at 2010-07-27 20:22:16) [GET]
  [4;36;1mBigup Load (0.5ms)[0m   [0;1mSELECT * FROM "bigups" [0m
Rendering template within layouts/application
Rendering bigups/index
Rendered bigups/_bigup (9.1ms)
Completed in 32ms (View: 28, DB: 1) | 200 OK [http://localhost/]


Processing BigupsController#index (for 127.0.0.1 at 2010-07-27 20:23:07) [GET]
  [4;35;1mBigup Load (0.5ms)[0m   [0mSELECT * FROM "bigups" [0m
Rendering template within layouts/application
Rendering bigups/index
Rendered bigups/_bigup (4.1ms)
Completed in 10ms (View: 6, DB: 0) | 200 OK [http://localhost/]


Processing BigupsController#index (for 127.0.0.1 at 2010-07-27 20:54:28) [GET]
  [4;36;1mBigup Load (0.2ms)[0m   [0;1mSELECT * FROM "bigups" [0m
Rendering template within layouts/application
Rendering bigups/index
Rendered bigups/_bigup (8.4ms)
Completed in 27ms (View: 22, DB: 0) | 200 OK [http://localhost/]


Processing BigupsController#index (for 127.0.0.1 at 2010-07-27 20:58:28) [GET]
  [4;36;1mBigup Load (0.4ms)[0m   [0;1mSELECT * FROM "bigups" [0m
Rendering template within layouts/application
Rendering bigups/index
Rendered bigups/_bigup (8.5ms)
Completed in 31ms (View: 25, DB: 0) | 200 OK [http://localhost/]


Processing BigupsController#index (for 127.0.0.1 at 2010-07-27 20:58:29) [GET]
  [4;35;1mBigup Load (0.3ms)[0m   [0mSELECT * FROM "bigups" [0m
Rendering template within layouts/application
Rendering bigups/index
Rendered bigups/_bigup (3.4ms)
Completed in 10ms (View: 5, DB: 0) | 200 OK [http://localhost/]
